<?xml version="1.0" encoding="UTF-8"?>
<!-- Generated by org.testng.reporters.JUnitXMLReporter -->
<testsuite ignored="4" hostname="LAPTOP-UBMQF7FC" failures="3" tests="5" name="Test" time="53.019" errors="0" timestamp="2023-01-19T11:53:08 IST">
  <testcase classname="com.mohs10.scripts.HomeTest" name="LoginTestCase" time="30.512"/>
  <testcase classname="com.mohs10.scripts.blogbtn" name="BlogBtn" time="4.633">
    <failure type="java.lang.Error" message="Unresolved compilation problem: 
	btnBlog cannot be resolved or is not a field
">
      <![CDATA[java.lang.Error: Unresolved compilation problem: 
btnBlog cannot be resolved or is not a field

at com.mohs10.reuse.CommonFuns.Blogbtn(CommonFuns.java:93)
at com.mohs10.scripts.blogbtn.BlogBtn(blogbtn.java:23)
at java.base/java.util.ArrayList.forEach(ArrayList.java:1511)
... Removed 27 stack frames]]>
    </failure>
  </testcase> <!-- BlogBtn -->
  <testcase classname="com.mohs10.scripts.newabtn" name="NewsBtn" time="5.272">
    <failure type="java.lang.Error" message="Unresolved compilation problem: 
	btnNews cannot be resolved or is not a field
">
      <![CDATA[java.lang.Error: Unresolved compilation problem: 
btnNews cannot be resolved or is not a field

at com.mohs10.reuse.CommonFuns.Newsbtn(CommonFuns.java:85)
at com.mohs10.scripts.newabtn.NewsBtn(newabtn.java:23)
at java.base/java.util.ArrayList.forEach(ArrayList.java:1511)
... Removed 27 stack frames]]>
    </failure>
  </testcase> <!-- NewsBtn -->
  <testcase classname="com.mohs10.scripts.categories" name="Categories" time="5.4">
    <failure type="java.lang.Error" message="Unresolved compilation problems: 
	lnkBooks cannot be resolved or is not a field
	lnkComputer cannot be resolved or is not a field
	lnkElectronics cannot be resolved or is not a field
	lnkApparelandShoes cannot be resolved or is not a field
	lnkDigitaldownloads cannot be resolved or is not a field
	lnkJewelry cannot be resolved or is not a field
	lnkGiftCards cannot be resolved or is not a field
">
      <![CDATA[java.lang.Error: Unresolved compilation problems: 
lnkBooks cannot be resolved or is not a field
lnkComputer cannot be resolved or is not a field
lnkElectronics cannot be resolved or is not a field
lnkApparelandShoes cannot be resolved or is not a field
lnkDigitaldownloads cannot be resolved or is not a field
lnkJewelry cannot be resolved or is not a field
lnkGiftCards cannot be resolved or is not a field

at com.mohs10.reuse.CommonFuns.Categories(CommonFuns.java:101)
at com.mohs10.scripts.categories.Categories(categories.java:23)
at java.base/java.util.ArrayList.forEach(ArrayList.java:1511)
... Removed 27 stack frames]]>
    </failure>
  </testcase> <!-- Categories -->
  <testcase classname="com.mohs10.Report.PDFReportTest" name="PDFreports" time="1.548"/>
  <testcase classname="com.mohs10.base.StartBrowser" name="@BeforeTest generateReport" time="0.0">
    <ignored/>
  </testcase> <!-- @BeforeTest generateReport -->
  <testcase classname="com.mohs10.base.StartBrowser" name="@BeforeTest generateReport" time="0.0">
    <ignored/>
  </testcase> <!-- @BeforeTest generateReport -->
  <testcase classname="com.mohs10.base.StartBrowser" name="@BeforeTest generateReport" time="0.0">
    <ignored/>
  </testcase> <!-- @BeforeTest generateReport -->
  <testcase classname="com.mohs10.base.StartBrowser" name="@BeforeTest generateReport" time="0.0">
    <ignored/>
  </testcase> <!-- @BeforeTest generateReport -->
</testsuite> <!-- Test -->
