<?xml version="1.0" encoding="UTF-8"?>
<testng-results ignored="0" total="1" passed="1" failed="0" skipped="0">
  <reporter-output>
  </reporter-output>
  <suite started-at="2023-02-23T15:28:18 IST" name="Default suite" finished-at="2023-02-23T15:28:34 IST" duration-ms="16446">
    <groups>
    </groups>
    <test started-at="2023-02-23T15:28:18 IST" name="Default test" finished-at="2023-02-23T15:28:34 IST" duration-ms="16446">
      <class name="Dashboard.tables">
        <test-method is-config="true" signature="generateReport()[pri:0, instance:Dashboard.tables@6e0f5f7f]" started-at="2023-02-23T15:28:18 IST" name="generateReport" finished-at="2023-02-23T15:28:18 IST" duration-ms="449" status="PASS">
          <reporter-output>
          </reporter-output>
        </test-method> <!-- generateReport -->
        <test-method is-config="true" signature="beforeClass()[pri:0, instance:Dashboard.tables@6e0f5f7f]" started-at="2023-02-23T15:28:18 IST" name="beforeClass" finished-at="2023-02-23T15:28:21 IST" duration-ms="3117" status="PASS">
          <reporter-output>
          </reporter-output>
        </test-method> <!-- beforeClass -->
        <test-method is-config="true" signature="methodName(java.lang.reflect.Method)[pri:0, instance:Dashboard.tables@6e0f5f7f]" started-at="2023-02-23T15:28:21 IST" name="methodName" finished-at="2023-02-23T15:28:21 IST" duration-ms="5" status="PASS">
          <params>
            <param index="0">
              <value>
                <![CDATA[public void Dashboard.tables.Tables() throws java.io.IOException,java.sql.SQLException]]>
              </value>
            </param>
          </params>
          <reporter-output>
          </reporter-output>
        </test-method> <!-- methodName -->
        <test-method signature="Tables()[pri:0, instance:Dashboard.tables@6e0f5f7f]" started-at="2023-02-23T15:28:21 IST" name="Tables" finished-at="2023-02-23T15:28:34 IST" duration-ms="12050" status="PASS">
          <reporter-output>
          </reporter-output>
        </test-method> <!-- Tables -->
        <test-method is-config="true" signature="afterClass()[pri:0, instance:Dashboard.tables@6e0f5f7f]" started-at="2023-02-23T15:28:34 IST" name="afterClass" finished-at="2023-02-23T15:28:34 IST" duration-ms="782" status="PASS">
          <reporter-output>
          </reporter-output>
        </test-method> <!-- afterClass -->
      </class> <!-- Dashboard.tables -->
    </test> <!-- Default test -->
  </suite> <!-- Default suite -->
</testng-results>
