<?xml version="1.0" encoding="UTF-8"?>
<testng-results ignored="0" total="1" passed="1" failed="0" skipped="0">
  <reporter-output>
  </reporter-output>
  <suite started-at="2023-02-23T16:00:45 IST" name="Suite" finished-at="2023-02-23T16:01:00 IST" duration-ms="15725">
    <groups>
    </groups>
    <test started-at="2023-02-23T16:00:45 IST" name="Test" finished-at="2023-02-23T16:01:00 IST" duration-ms="15725">
      <class name="Dashboard.tables">
        <test-method is-config="true" signature="generateReport()[pri:0, instance:Dashboard.tables@6e0f5f7f]" started-at="2023-02-23T16:00:45 IST" name="generateReport" finished-at="2023-02-23T16:00:45 IST" duration-ms="284" status="PASS">
          <reporter-output>
          </reporter-output>
        </test-method> <!-- generateReport -->
        <test-method is-config="true" signature="beforeClass()[pri:0, instance:Dashboard.tables@6e0f5f7f]" started-at="2023-02-23T16:00:45 IST" name="beforeClass" finished-at="2023-02-23T16:00:48 IST" duration-ms="3231" status="PASS">
          <reporter-output>
          </reporter-output>
        </test-method> <!-- beforeClass -->
        <test-method is-config="true" signature="methodName(java.lang.reflect.Method)[pri:0, instance:Dashboard.tables@6e0f5f7f]" started-at="2023-02-23T16:00:48 IST" name="methodName" finished-at="2023-02-23T16:00:48 IST" duration-ms="6" status="PASS">
          <params>
            <param index="0">
              <value>
                <![CDATA[public void Dashboard.tables.Tables() throws java.io.IOException,java.sql.SQLException]]>
              </value>
            </param>
          </params>
          <reporter-output>
          </reporter-output>
        </test-method> <!-- methodName -->
        <test-method signature="Tables()[pri:0, instance:Dashboard.tables@6e0f5f7f]" started-at="2023-02-23T16:00:48 IST" name="Tables" finished-at="2023-02-23T16:01:00 IST" duration-ms="11858" status="PASS">
          <reporter-output>
          </reporter-output>
        </test-method> <!-- Tables -->
        <test-method is-config="true" signature="afterClass()[pri:0, instance:Dashboard.tables@6e0f5f7f]" started-at="2023-02-23T16:01:00 IST" name="afterClass" finished-at="2023-02-23T16:01:00 IST" duration-ms="319" status="PASS">
          <reporter-output>
          </reporter-output>
        </test-method> <!-- afterClass -->
      </class> <!-- Dashboard.tables -->
    </test> <!-- Test -->
  </suite> <!-- Suite -->
</testng-results>
